<?xml version="1.0" encoding="UTF-8"?>
<testng-results ignored="0" total="1" passed="1" failed="0" skipped="0">
  <reporter-output>
  </reporter-output>
  <suite started-at="2024-02-19T09:56:57Z" name="Default suite" finished-at="2024-02-19T09:56:57Z" duration-ms="568">
    <groups>
    </groups>
    <test started-at="2024-02-19T09:56:57Z" name="Default test" finished-at="2024-02-19T09:56:57Z" duration-ms="568">
      <class name="emailTest.TestMail$AppTest">
        <test-method signature="emailTestExample()[pri:0, instance:emailTest.TestMail$AppTest@75437611]" started-at="2024-02-19T09:56:57Z" name="emailTestExample" finished-at="2024-02-19T09:56:57Z" duration-ms="544" status="PASS">
          <reporter-output>
          </reporter-output>
        </test-method> <!-- emailTestExample -->
      </class> <!-- emailTest.TestMail$AppTest -->
    </test> <!-- Default test -->
  </suite> <!-- Default suite -->
</testng-results>
